2016-10-27 16:31:26 root get_diff_num.py(<module>[line:82]) INFO - start...
2016-10-27 16:31:26 root get_diff_num.py(<module>[line:86]) INFO - todaydatestamp: 1477497600.0
2016-10-27 16:31:27 root get_diff_num.py(<module>[line:95]) INFO - zhengliangdb中的newzengliang数目：70527
2016-10-27 16:31:27 root get_diff_num.py(<module>[line:100]) INFO - dajieresumedb中的youlian数目：0
2016-10-27 16:31:27 root get_diff_num.py(<module>[line:105]) INFO - dajieresumedb中的wulian数目：0
2016-10-27 16:31:27 root get_diff_num.py(<module>[line:110]) INFO - dajieresumedb中的middle数目：0
2016-10-27 16:31:27 root get_diff_num.py(<module>[line:115]) INFO - zhengliangdb中的zengliangwulian数目：72
2016-10-27 16:31:27 root get_diff_num.py(<module>[line:120]) INFO - static_data中的liepin160526_youlian数目：0
2016-10-27 16:31:27 root get_diff_num.py(<module>[line:125]) INFO - static_data中的liepin160526_wulian数目：0
2016-10-27 16:31:27 root get_diff_num.py(<module>[line:130]) INFO - static_data中的youlian数目：0
2016-10-27 16:31:28 root get_diff_num.py(<module>[line:135]) INFO - static_data中的的wulian数目：0
2016-10-27 16:31:28 root get_diff_num.py(<module>[line:140]) INFO - splice_data中的youlian数目：16217
2016-10-27 16:31:28 root get_diff_num.py(<module>[line:145]) INFO - emaildb中的temp数目：4111
2016-10-27 16:31:28 root get_diff_num.py(<module>[line:150]) INFO - 今日mongo中总数为：90927
2016-10-27 16:31:28 root get_diff_num.py(<module>[line:153]) INFO - 查询6.63上mergedata01数据库中original_resume_data_v2_20161027的时间为：2016-10-27 16:31:28
2016-10-27 16:31:28 root get_diff_num.py(<module>[line:155]) INFO - sql: select count(*) from original_resume_data_v2_20161027
2016-10-27 16:31:30 root get_diff_num.py(<module>[line:157]) INFO - original_resume_data_v2_20161027表中的数量为：82213
2016-10-27 16:31:30 root get_diff_num.py(<module>[line:161]) INFO - mongo今日数据量与db的数量之差为：8714
2016-10-27 16:31:30 root get_diff_num.py(<module>[line:163]) INFO - 将mongo今日数据量与db的数量之差存入数据库，时间：2016-10-27 16:31:30
2016-10-27 16:31:30 root get_diff_num.py(<module>[line:165]) INFO - sql2: insert into mongodb_num(time, value) values ('2016-10-27 16:31:30', '8714')
2016-10-27 16:31:30 root get_diff_num.py(<module>[line:168]) INFO - 开始查询今日自然人表数量，时间：2016-10-27 16:31:30
2016-10-27 16:31:30 root get_diff_num.py(<module>[line:170]) INFO - sql3: select count(*) from djuniqueperson where update_date >= '2016-10-27'
2016-10-27 16:31:34 root get_diff_num.py(<module>[line:172]) INFO - 今日更新自然人表数量为：51312
2016-10-27 16:31:34 root get_diff_num.py(<module>[line:174]) INFO - 开始查询今日djpendingdata表数量，时间：2016-10-27 16:31:34
2016-10-27 16:31:34 root get_diff_num.py(<module>[line:176]) INFO - sql4: select count(*) from djpendingdata where insert_date >= '2016-10-27'
2016-10-27 16:31:35 root get_diff_num.py(<module>[line:178]) INFO - 今日djpendingdata表数量，：51391
2016-10-27 16:31:35 root get_diff_num.py(<module>[line:180]) INFO - 今日自然人表与djpendingdata的差值为：-79
2016-10-27 16:31:35 root get_diff_num.py(<module>[line:182]) INFO - 开始查询今日djuniqueperson表近30天的数据数量，时间：2016-10-27 16:31:35
2016-10-27 16:31:35 root get_diff_num.py(<module>[line:184]) INFO - sql8: select count(*) from djuniqueperson where update_date >= '2016-10-27' and version_date >= '2016.09.27' and version_date <= '2016.10.27'
2016-10-27 16:31:36 root get_diff_num.py(<module>[line:186]) INFO - 今日djuniqueperson表近30天的数据数量为：40707
2016-10-27 16:31:36 root get_diff_num.py(<module>[line:188]) INFO - 开始查询今日ycpendingdata表的数据数量，时间：2016-10-27 16:31:36
2016-10-27 16:31:36 root get_diff_num.py(<module>[line:190]) INFO - sql5: select count(*) from ycpendingdata where insert_date >= '2016-10-27'
2016-10-27 16:31:36 root get_diff_num.py(<module>[line:192]) INFO - 今日ycpendingdata表的数据数量为：40718
2016-10-27 16:31:36 root get_diff_num.py(<module>[line:194]) INFO - 今日djuniqueperson与ycpendingdata的数据数量之差：-11
2016-10-27 16:31:36 root get_diff_num.py(<module>[line:196]) INFO - 开始将djuniqueperson与djpendingdata的差值存入数据库，时间为：2016-10-27 16:31:36
2016-10-27 16:31:36 root get_diff_num.py(<module>[line:198]) INFO - sql6: insert into uniper_djpend_num(time, value) values ('2016-10-27 16:31:30', '-79')
2016-10-27 16:31:36 root get_diff_num.py(<module>[line:201]) INFO - 开始将djuniqueperson与ycpendingdata的差值存入数据库，时间为：2016-10-27 16:31:36
2016-10-27 16:31:36 root get_diff_num.py(<module>[line:203]) INFO - sql7: insert into uniper_ycpend_num(time, value) values ('2016-10-27 16:31:30', '-11')
2016-10-27 16:31:36 root get_diff_num.py(<module>[line:208]) INFO - sql10: select count(*) from fjl.resume where update_time >= '2016-10-27'
2016-10-27 16:31:36 root get_diff_num.py(<module>[line:209]) INFO - 开始查询120纷简历今日更新简历数量,时间为2016-10-27 16:31:36
2016-10-27 16:31:45 root get_diff_num.py(<module>[line:211]) INFO - 120纷简历今日更新简历数量为：163697
2016-10-27 16:31:45 root get_diff_num.py(<module>[line:214]) INFO - 自然人表今日更新数据量与120纷简历今日更新简历数量的差值为：-112385
2016-10-27 16:31:45 root get_diff_num.py(<module>[line:217]) INFO - sql11:insert into uniper_120fjl_num (time, value) values ('2016-10-27 16:31:30', '-112385')
2016-10-27 16:31:45 root get_diff_num.py(<module>[line:218]) INFO - 将差值存入数据库.
2016-10-27 16:31:45 root get_diff_num.py(<module>[line:221]) INFO - 开始查询今日大街和英才的未发送数目.
2016-10-27 16:31:45 root get_diff_num.py(<module>[line:224]) INFO - sql12: select count(*) from djpendingdata where insert_date >= '2016-10-27' and sent = '0'
2016-10-27 16:31:45 root get_diff_num.py(<module>[line:225]) INFO - sql13: select count(*) from ycpendingdata where insert_date >= '2016-10-27' and sent = '0'
2016-10-27 16:31:45 root get_diff_num.py(<module>[line:228]) INFO - 今日大街的未发送数目为：0, 今日英才未发送的数目为：0
2016-10-27 16:31:45 root get_diff_num.py(<module>[line:229]) INFO - 把未发送数目插入数据库.
2016-10-27 16:31:45 root get_diff_num.py(<module>[line:232]) INFO - sql14: insert into dj_notsent_num(time, value) values ('2016-10-27 16:31:30', '0')
2016-10-27 16:31:45 root get_diff_num.py(<module>[line:233]) INFO - sql15: insert into yc_notsent_num(time, value) values ('2016-10-27 16:31:30', '0')
2016-10-27 16:31:45 root get_diff_num.py(<module>[line:236]) INFO - 存储完成.
2016-10-27 16:31:45 root get_diff_num.py(<module>[line:244]) INFO - end...
2016-10-27 17:21:11 root get_diff_num.py(<module>[line:82]) INFO - start...
2016-10-27 17:21:11 root get_diff_num.py(<module>[line:86]) INFO - todaydatestamp: 1477497600.0
2016-10-27 17:21:11 root get_diff_num.py(<module>[line:95]) INFO - zhengliangdb中的newzengliang数目：70971
2016-10-27 17:21:11 root get_diff_num.py(<module>[line:100]) INFO - dajieresumedb中的youlian数目：0
2016-10-27 17:21:11 root get_diff_num.py(<module>[line:105]) INFO - dajieresumedb中的wulian数目：0
2016-10-27 17:21:11 root get_diff_num.py(<module>[line:110]) INFO - dajieresumedb中的middle数目：0
2016-10-27 17:21:12 root get_diff_num.py(<module>[line:115]) INFO - zhengliangdb中的zengliangwulian数目：72
2016-10-27 17:21:12 root get_diff_num.py(<module>[line:120]) INFO - static_data中的liepin160526_youlian数目：0
2016-10-27 17:21:12 root get_diff_num.py(<module>[line:125]) INFO - static_data中的liepin160526_wulian数目：0
2016-10-27 17:21:12 root get_diff_num.py(<module>[line:130]) INFO - static_data中的youlian数目：0
2016-10-27 17:21:12 root get_diff_num.py(<module>[line:135]) INFO - static_data中的的wulian数目：0
2016-10-27 17:21:12 root get_diff_num.py(<module>[line:140]) INFO - splice_data中的youlian数目：28390
2016-10-27 17:21:12 root get_diff_num.py(<module>[line:145]) INFO - emaildb中的temp数目：4111
2016-10-27 17:21:12 root get_diff_num.py(<module>[line:150]) INFO - 今日mongo中总数为：103544
2016-10-27 17:21:12 root get_diff_num.py(<module>[line:153]) INFO - 查询6.63上mergedata01数据库中original_resume_data_v2_20161027的时间为：2016-10-27 17:21:12
2016-10-27 17:21:12 root get_diff_num.py(<module>[line:155]) INFO - sql: select count(*) from original_resume_data_v2_20161027
2016-10-27 17:21:13 root get_diff_num.py(<module>[line:157]) INFO - original_resume_data_v2_20161027表中的数量为：82820
2016-10-27 17:21:13 root get_diff_num.py(<module>[line:161]) INFO - mongo今日数据量与db的数量之差为：20724
2016-10-27 17:21:13 root get_diff_num.py(<module>[line:163]) INFO - 将mongo今日数据量与db的数量之差存入数据库，时间：2016-10-27 17:21:13
2016-10-27 17:21:13 root get_diff_num.py(<module>[line:165]) INFO - sql2: insert into mongodb_num(time, value) values ('2016-10-27 17:21:13', '20724')
2016-10-27 17:21:13 root get_diff_num.py(<module>[line:168]) INFO - 开始查询今日自然人表数量，时间：2016-10-27 17:21:13
2016-10-27 17:21:13 root get_diff_num.py(<module>[line:170]) INFO - sql3: select count(*) from djuniqueperson where update_date >= '2016-10-27'
2016-10-27 17:21:14 root get_diff_num.py(<module>[line:172]) INFO - 今日更新自然人表数量为：51507
2016-10-27 17:21:14 root get_diff_num.py(<module>[line:174]) INFO - 开始查询今日djpendingdata表数量，时间：2016-10-27 17:21:14
2016-10-27 17:21:14 root get_diff_num.py(<module>[line:176]) INFO - sql4: select count(*) from djpendingdata where insert_date >= '2016-10-27'
2016-10-27 17:21:15 root get_diff_num.py(<module>[line:178]) INFO - 今日djpendingdata表数量，：51589
2016-10-27 17:21:15 root get_diff_num.py(<module>[line:180]) INFO - 今日自然人表与djpendingdata的差值为：-82
2016-10-27 17:21:15 root get_diff_num.py(<module>[line:182]) INFO - 开始查询今日djuniqueperson表近30天的数据数量，时间：2016-10-27 17:21:15
2016-10-27 17:21:15 root get_diff_num.py(<module>[line:184]) INFO - sql8: select count(*) from djuniqueperson where update_date >= '2016-10-27' and version_date >= '2016.09.27' and version_date <= '2016.10.27'
2016-10-27 17:21:16 root get_diff_num.py(<module>[line:186]) INFO - 今日djuniqueperson表近30天的数据数量为：40790
2016-10-27 17:21:16 root get_diff_num.py(<module>[line:188]) INFO - 开始查询今日ycpendingdata表的数据数量，时间：2016-10-27 17:21:16
2016-10-27 17:21:16 root get_diff_num.py(<module>[line:190]) INFO - sql5: select count(*) from ycpendingdata where insert_date >= '2016-10-27'
2016-10-27 17:21:17 root get_diff_num.py(<module>[line:192]) INFO - 今日ycpendingdata表的数据数量为：40809
2016-10-27 17:21:17 root get_diff_num.py(<module>[line:194]) INFO - 今日djuniqueperson与ycpendingdata的数据数量之差：-19
2016-10-27 17:21:17 root get_diff_num.py(<module>[line:196]) INFO - 开始将djuniqueperson与djpendingdata的差值存入数据库，时间为：2016-10-27 17:21:17
2016-10-27 17:21:17 root get_diff_num.py(<module>[line:198]) INFO - sql6: insert into uniper_djpend_num(time, value) values ('2016-10-27 17:21:13', '-82')
2016-10-27 17:21:17 root get_diff_num.py(<module>[line:201]) INFO - 开始将djuniqueperson与ycpendingdata的差值存入数据库，时间为：2016-10-27 17:21:17
2016-10-27 17:21:17 root get_diff_num.py(<module>[line:203]) INFO - sql7: insert into uniper_ycpend_num(time, value) values ('2016-10-27 17:21:13', '-19')
2016-10-27 17:21:17 root get_diff_num.py(<module>[line:208]) INFO - sql10: select count(*) from fjl.resume where update_time >= '2016-10-27'
2016-10-27 17:21:17 root get_diff_num.py(<module>[line:209]) INFO - 开始查询120纷简历今日更新简历数量,时间为2016-10-27 17:21:17
2016-10-27 17:21:24 root get_diff_num.py(<module>[line:211]) INFO - 120纷简历今日更新简历数量为：163895
2016-10-27 17:21:24 root get_diff_num.py(<module>[line:214]) INFO - 自然人表今日更新数据量与120纷简历今日更新简历数量的差值为：-112388
2016-10-27 17:21:24 root get_diff_num.py(<module>[line:217]) INFO - sql11:insert into uniper_120fjl_num (time, value) values ('2016-10-27 17:21:13', '-112388')
2016-10-27 17:21:24 root get_diff_num.py(<module>[line:218]) INFO - 将差值存入数据库.
2016-10-27 17:21:24 root get_diff_num.py(<module>[line:221]) INFO - 开始查询今日大街和英才的未发送数目.
2016-10-27 17:21:24 root get_diff_num.py(<module>[line:224]) INFO - sql12: select count(*) from djpendingdata where insert_date >= '2016-10-27' and sent = '0'
2016-10-27 17:21:24 root get_diff_num.py(<module>[line:225]) INFO - sql13: select count(*) from ycpendingdata where insert_date >= '2016-10-27' and sent = '0'
2016-10-27 17:21:25 root get_diff_num.py(<module>[line:228]) INFO - 今日大街的未发送数目为：15, 今日英才未发送的数目为：0
2016-10-27 17:21:25 root get_diff_num.py(<module>[line:229]) INFO - 把未发送数目插入数据库.
2016-10-27 17:21:25 root get_diff_num.py(<module>[line:232]) INFO - sql14: insert into dj_notsent_num(time, value) values ('2016-10-27 17:21:13', '15')
2016-10-27 17:21:25 root get_diff_num.py(<module>[line:233]) INFO - sql15: insert into yc_notsent_num(time, value) values ('2016-10-27 17:21:13', '0')
2016-10-27 17:21:25 root get_diff_num.py(<module>[line:236]) INFO - 存储完成.
2016-10-27 17:21:26 root get_diff_num.py(<module>[line:244]) INFO - end...
2016-10-27 18:22:31 root get_diff_num.py(<module>[line:82]) INFO - start...
2016-10-27 18:22:31 root get_diff_num.py(<module>[line:86]) INFO - todaydatestamp: 1477497600.0
2016-10-27 18:22:32 root get_diff_num.py(<module>[line:95]) INFO - zhengliangdb中的newzengliang数目：70971
2016-10-27 18:22:32 root get_diff_num.py(<module>[line:100]) INFO - dajieresumedb中的youlian数目：0
2016-10-27 18:22:32 root get_diff_num.py(<module>[line:105]) INFO - dajieresumedb中的wulian数目：0
2016-10-27 18:22:32 root get_diff_num.py(<module>[line:110]) INFO - dajieresumedb中的middle数目：0
2016-10-27 18:22:32 root get_diff_num.py(<module>[line:115]) INFO - zhengliangdb中的zengliangwulian数目：72
2016-10-27 18:22:32 root get_diff_num.py(<module>[line:120]) INFO - static_data中的liepin160526_youlian数目：0
2016-10-27 18:22:32 root get_diff_num.py(<module>[line:125]) INFO - static_data中的liepin160526_wulian数目：0
2016-10-27 18:22:32 root get_diff_num.py(<module>[line:130]) INFO - static_data中的youlian数目：0
2016-10-27 18:22:32 root get_diff_num.py(<module>[line:135]) INFO - static_data中的的wulian数目：0
2016-10-27 18:22:32 root get_diff_num.py(<module>[line:140]) INFO - splice_data中的youlian数目：45138
2016-10-27 18:22:32 root get_diff_num.py(<module>[line:145]) INFO - emaildb中的temp数目：4111
2016-10-27 18:22:32 root get_diff_num.py(<module>[line:150]) INFO - 今日mongo中总数为：120292
2016-10-27 18:22:32 root get_diff_num.py(<module>[line:153]) INFO - 查询6.63上mergedata01数据库中original_resume_data_v2_20161027的时间为：2016-10-27 18:22:32
2016-10-27 18:22:32 root get_diff_num.py(<module>[line:155]) INFO - sql: select count(*) from original_resume_data_v2_20161027
2016-10-27 18:22:33 root get_diff_num.py(<module>[line:157]) INFO - original_resume_data_v2_20161027表中的数量为：82982
2016-10-27 18:22:33 root get_diff_num.py(<module>[line:161]) INFO - mongo今日数据量与db的数量之差为：37310
2016-10-27 18:22:33 root get_diff_num.py(<module>[line:163]) INFO - 将mongo今日数据量与db的数量之差存入数据库，时间：2016-10-27 18:22:33
2016-10-27 18:22:33 root get_diff_num.py(<module>[line:165]) INFO - sql2: insert into mongodb_num(time, value) values ('2016-10-27 18:22:33', '37310')
2016-10-27 18:22:33 root get_diff_num.py(<module>[line:168]) INFO - 开始查询今日自然人表数量，时间：2016-10-27 18:22:33
2016-10-27 18:22:33 root get_diff_num.py(<module>[line:170]) INFO - sql3: select count(*) from djuniqueperson where update_date >= '2016-10-27'
2016-10-27 18:22:34 root get_diff_num.py(<module>[line:172]) INFO - 今日更新自然人表数量为：51636
2016-10-27 18:22:34 root get_diff_num.py(<module>[line:174]) INFO - 开始查询今日djpendingdata表数量，时间：2016-10-27 18:22:34
2016-10-27 18:22:34 root get_diff_num.py(<module>[line:176]) INFO - sql4: select count(*) from djpendingdata where insert_date >= '2016-10-27'
2016-10-27 18:22:34 root get_diff_num.py(<module>[line:178]) INFO - 今日djpendingdata表数量，：51718
2016-10-27 18:22:34 root get_diff_num.py(<module>[line:180]) INFO - 今日自然人表与djpendingdata的差值为：-82
2016-10-27 18:22:34 root get_diff_num.py(<module>[line:182]) INFO - 开始查询今日djuniqueperson表近30天的数据数量，时间：2016-10-27 18:22:34
2016-10-27 18:22:34 root get_diff_num.py(<module>[line:184]) INFO - sql8: select count(*) from djuniqueperson where update_date >= '2016-10-27' and version_date >= '2016.09.27' and version_date <= '2016.10.27'
2016-10-27 18:22:35 root get_diff_num.py(<module>[line:186]) INFO - 今日djuniqueperson表近30天的数据数量为：40876
2016-10-27 18:22:35 root get_diff_num.py(<module>[line:188]) INFO - 开始查询今日ycpendingdata表的数据数量，时间：2016-10-27 18:22:35
2016-10-27 18:22:35 root get_diff_num.py(<module>[line:190]) INFO - sql5: select count(*) from ycpendingdata where insert_date >= '2016-10-27'
2016-10-27 18:22:35 root get_diff_num.py(<module>[line:192]) INFO - 今日ycpendingdata表的数据数量为：40904
2016-10-27 18:22:35 root get_diff_num.py(<module>[line:194]) INFO - 今日djuniqueperson与ycpendingdata的数据数量之差：-28
2016-10-27 18:22:35 root get_diff_num.py(<module>[line:196]) INFO - 开始将djuniqueperson与djpendingdata的差值存入数据库，时间为：2016-10-27 18:22:35
2016-10-27 18:22:35 root get_diff_num.py(<module>[line:198]) INFO - sql6: insert into uniper_djpend_num(time, value) values ('2016-10-27 18:22:33', '-82')
2016-10-27 18:22:35 root get_diff_num.py(<module>[line:201]) INFO - 开始将djuniqueperson与ycpendingdata的差值存入数据库，时间为：2016-10-27 18:22:35
2016-10-27 18:22:35 root get_diff_num.py(<module>[line:203]) INFO - sql7: insert into uniper_ycpend_num(time, value) values ('2016-10-27 18:22:33', '-28')
2016-10-27 18:22:35 root get_diff_num.py(<module>[line:208]) INFO - sql10: select count(*) from fjl.resume where update_time >= '2016-10-27'
2016-10-27 18:22:35 root get_diff_num.py(<module>[line:209]) INFO - 开始查询120纷简历今日更新简历数量,时间为2016-10-27 18:22:35
2016-10-27 18:22:42 root get_diff_num.py(<module>[line:211]) INFO - 120纷简历今日更新简历数量为：164033
2016-10-27 18:22:42 root get_diff_num.py(<module>[line:214]) INFO - 自然人表今日更新数据量与120纷简历今日更新简历数量的差值为：-112397
2016-10-27 18:22:42 root get_diff_num.py(<module>[line:217]) INFO - sql11:insert into uniper_120fjl_num (time, value) values ('2016-10-27 18:22:33', '-112397')
2016-10-27 18:22:42 root get_diff_num.py(<module>[line:218]) INFO - 将差值存入数据库.
2016-10-27 18:22:42 root get_diff_num.py(<module>[line:221]) INFO - 开始查询今日大街和英才的未发送数目.
2016-10-27 18:22:42 root get_diff_num.py(<module>[line:224]) INFO - sql12: select count(*) from djpendingdata where insert_date >= '2016-10-27' and sent = '0'
2016-10-27 18:22:42 root get_diff_num.py(<module>[line:225]) INFO - sql13: select count(*) from ycpendingdata where insert_date >= '2016-10-27' and sent = '0'
2016-10-27 18:22:42 root get_diff_num.py(<module>[line:228]) INFO - 今日大街的未发送数目为：0, 今日英才未发送的数目为：0
2016-10-27 18:22:42 root get_diff_num.py(<module>[line:229]) INFO - 把未发送数目插入数据库.
2016-10-27 18:22:42 root get_diff_num.py(<module>[line:232]) INFO - sql14: insert into dj_notsent_num(time, value) values ('2016-10-27 18:22:33', '0')
2016-10-27 18:22:42 root get_diff_num.py(<module>[line:233]) INFO - sql15: insert into yc_notsent_num(time, value) values ('2016-10-27 18:22:33', '0')
2016-10-27 18:22:42 root get_diff_num.py(<module>[line:237]) INFO - 存储完成.
2016-10-27 18:22:44 root get_diff_num.py(<module>[line:254]) INFO - end...
